{"C:\\Users\\sashree\\OneDrive - Computer Enterprises Inc\\Desktop\\Ash\\AWS\\Producer_LambdaTask\\src\\controllers\\orderController.ts": {"path":"C:\\Users\\sashree\\OneDrive - Computer Enterprises Inc\\Desktop\\Ash\\AWS\\Producer_LambdaTask\\src\\controllers\\orderController.ts","statementMap":{"0":{"start":{"line":9,"column":0},"end":{"line":9,"column":7}},"1":{"start":{"line":4,"column":0},"end":{"line":4,"column":57}},"2":{"start":{"line":5,"column":0},"end":{"line":5,"column":79}},"3":{"start":{"line":6,"column":0},"end":{"line":6,"column":37}},"4":{"start":{"line":7,"column":0},"end":{"line":7,"column":60}},"5":{"start":{"line":10,"column":2},"end":{"line":34,"column":3}},"6":{"start":{"line":11,"column":4},"end":{"line":13,"column":7}},"7":{"start":{"line":16,"column":26},"end":{"line":16,"column":56}},"8":{"start":{"line":17,"column":4},"end":{"line":17,"column":77}},"9":{"start":{"line":20,"column":28},"end":{"line":20,"column":66}},"10":{"start":{"line":23,"column":4},"end":{"line":23,"column":41}},"11":{"start":{"line":25,"column":4},"end":{"line":28,"column":7}},"12":{"start":{"line":30,"column":4},"end":{"line":32,"column":7}},"13":{"start":{"line":33,"column":4},"end":{"line":33,"column":14}}},"fnMap":{"0":{"name":"handleOrder","decl":{"start":{"line":9,"column":22},"end":{"line":9,"column":33}},"loc":{"start":{"line":9,"column":81},"end":{"line":35,"column":1}}}},"branchMap":{},"s":{"0":1,"1":1,"2":1,"3":1,"4":1,"5":3,"6":3,"7":3,"8":2,"9":2,"10":2,"11":1,"12":2,"13":2},"f":{"0":3},"b":{}}
,"C:\\Users\\sashree\\OneDrive - Computer Enterprises Inc\\Desktop\\Ash\\AWS\\Producer_LambdaTask\\src\\services\\webhookServices.ts": {"path":"C:\\Users\\sashree\\OneDrive - Computer Enterprises Inc\\Desktop\\Ash\\AWS\\Producer_LambdaTask\\src\\services\\webhookServices.ts","statementMap":{"0":{"start":{"line":30,"column":0},"end":{"line":30,"column":7}},"1":{"start":{"line":3,"column":0},"end":{"line":3,"column":26}},"2":{"start":{"line":4,"column":0},"end":{"line":4,"column":69}},"3":{"start":{"line":7,"column":18},"end":{"line":7,"column":35}},"4":{"start":{"line":10,"column":2},"end":{"line":14,"column":3}},"5":{"start":{"line":11,"column":21},"end":{"line":11,"column":44}},"6":{"start":{"line":12,"column":4},"end":{"line":12,"column":75}},"7":{"start":{"line":12,"column":19},"end":{"line":12,"column":75}},"8":{"start":{"line":13,"column":4},"end":{"line":13,"column":20}},"9":{"start":{"line":16,"column":20},"end":{"line":16,"column":49}},"10":{"start":{"line":17,"column":2},"end":{"line":17,"column":84}},"11":{"start":{"line":17,"column":18},"end":{"line":17,"column":84}},"12":{"start":{"line":19,"column":18},"end":{"line":22,"column":4}},"13":{"start":{"line":24,"column":19},"end":{"line":24,"column":48}},"14":{"start":{"line":25,"column":2},"end":{"line":25,"column":77}},"15":{"start":{"line":25,"column":34},"end":{"line":25,"column":77}},"16":{"start":{"line":27,"column":2},"end":{"line":27,"column":34}},"17":{"start":{"line":31,"column":21},"end":{"line":31,"column":42}},"18":{"start":{"line":33,"column":2},"end":{"line":40,"column":3}},"19":{"start":{"line":34,"column":21},"end":{"line":36,"column":6}},"20":{"start":{"line":37,"column":4},"end":{"line":37,"column":25}},"21":{"start":{"line":39,"column":4},"end":{"line":39,"column":62}}},"fnMap":{"0":{"name":"getWebhookUrl","decl":{"start":{"line":9,"column":15},"end":{"line":9,"column":28}},"loc":{"start":{"line":9,"column":28},"end":{"line":28,"column":1}}},"1":{"name":"sendToWebhook","decl":{"start":{"line":30,"column":22},"end":{"line":30,"column":35}},"loc":{"start":{"line":30,"column":61},"end":{"line":41,"column":1}}}},"branchMap":{"0":{"loc":{"start":{"line":10,"column":2},"end":{"line":14,"column":3}},"type":"if","locations":[{"start":{"line":10,"column":2},"end":{"line":14,"column":3}},{"start":{},"end":{}}]},"1":{"loc":{"start":{"line":12,"column":4},"end":{"line":12,"column":75}},"type":"if","locations":[{"start":{"line":12,"column":4},"end":{"line":12,"column":75}},{"start":{},"end":{}}]},"2":{"loc":{"start":{"line":17,"column":2},"end":{"line":17,"column":84}},"type":"if","locations":[{"start":{"line":17,"column":2},"end":{"line":17,"column":84}},{"start":{},"end":{}}]},"3":{"loc":{"start":{"line":25,"column":2},"end":{"line":25,"column":77}},"type":"if","locations":[{"start":{"line":25,"column":2},"end":{"line":25,"column":77}},{"start":{},"end":{}}]},"4":{"loc":{"start":{"line":39,"column":20},"end":{"line":39,"column":60}},"type":"binary-expr","locations":[{"start":{"line":39,"column":20},"end":{"line":39,"column":33}},{"start":{"line":39,"column":37},"end":{"line":39,"column":60}}]}},"s":{"0":1,"1":1,"2":1,"3":1,"4":3,"5":0,"6":0,"7":0,"8":0,"9":3,"10":3,"11":1,"12":2,"13":2,"14":2,"15":0,"16":2,"17":3,"18":2,"19":2,"20":1,"21":1},"f":{"0":3,"1":3},"b":{"0":[0,3],"1":[0,0],"2":[1,2],"3":[0,2],"4":[1,0]}}
,"C:\\Users\\sashree\\OneDrive - Computer Enterprises Inc\\Desktop\\Ash\\AWS\\Producer_LambdaTask\\src\\transform\\transformSourceToTarget.ts": {"path":"C:\\Users\\sashree\\OneDrive - Computer Enterprises Inc\\Desktop\\Ash\\AWS\\Producer_LambdaTask\\src\\transform\\transformSourceToTarget.ts","statementMap":{"0":{"start":{"line":5,"column":0},"end":{"line":5,"column":16}},"1":{"start":{"line":3,"column":0},"end":{"line":3,"column":34}},"2":{"start":{"line":7,"column":20},"end":{"line":7,"column":73}},"3":{"start":{"line":8,"column":22},"end":{"line":8,"column":46}},"4":{"start":{"line":10,"column":2},"end":{"line":49,"column":4}},"5":{"start":{"line":35,"column":42},"end":{"line":43,"column":6}}},"fnMap":{"0":{"name":"transformSourceToTarget","decl":{"start":{"line":5,"column":16},"end":{"line":5,"column":39}},"loc":{"start":{"line":5,"column":68},"end":{"line":50,"column":1}}},"1":{"name":"(anonymous_1)","decl":{"start":{"line":35,"column":33},"end":{"line":35,"column":37}},"loc":{"start":{"line":35,"column":42},"end":{"line":43,"column":6}}}},"branchMap":{"0":{"loc":{"start":{"line":27,"column":17},"end":{"line":27,"column":58}},"type":"binary-expr","locations":[{"start":{"line":27,"column":17},"end":{"line":27,"column":52}},{"start":{"line":27,"column":56},"end":{"line":27,"column":58}}]},"1":{"loc":{"start":{"line":28,"column":16},"end":{"line":28,"column":55}},"type":"binary-expr","locations":[{"start":{"line":28,"column":16},"end":{"line":28,"column":49}},{"start":{"line":28,"column":53},"end":{"line":28,"column":55}}]},"2":{"loc":{"start":{"line":29,"column":17},"end":{"line":29,"column":57}},"type":"binary-expr","locations":[{"start":{"line":29,"column":17},"end":{"line":29,"column":51}},{"start":{"line":29,"column":55},"end":{"line":29,"column":57}}]},"3":{"loc":{"start":{"line":30,"column":22},"end":{"line":30,"column":64}},"type":"binary-expr","locations":[{"start":{"line":30,"column":22},"end":{"line":30,"column":58}},{"start":{"line":30,"column":62},"end":{"line":30,"column":64}}]},"4":{"loc":{"start":{"line":31,"column":19},"end":{"line":31,"column":61}},"type":"binary-expr","locations":[{"start":{"line":31,"column":19},"end":{"line":31,"column":55}},{"start":{"line":31,"column":59},"end":{"line":31,"column":61}}]},"5":{"loc":{"start":{"line":40,"column":18},"end":{"line":40,"column":42}},"type":"binary-expr","locations":[{"start":{"line":40,"column":18},"end":{"line":40,"column":37}},{"start":{"line":40,"column":41},"end":{"line":40,"column":42}}]},"6":{"loc":{"start":{"line":41,"column":49},"end":{"line":41,"column":73}},"type":"binary-expr","locations":[{"start":{"line":41,"column":49},"end":{"line":41,"column":68}},{"start":{"line":41,"column":72},"end":{"line":41,"column":73}}]},"7":{"loc":{"start":{"line":46,"column":13},"end":{"line":46,"column":36}},"type":"binary-expr","locations":[{"start":{"line":46,"column":13},"end":{"line":46,"column":30}},{"start":{"line":46,"column":34},"end":{"line":46,"column":36}}]}},"s":{"0":2,"1":2,"2":2,"3":2,"4":2,"5":2},"f":{"0":2,"1":2},"b":{"0":[2,2],"1":[2,2],"2":[2,2],"3":[2,2],"4":[2,2],"5":[2,0],"6":[2,0],"7":[2,0]}}
,"C:\\Users\\sashree\\OneDrive - Computer Enterprises Inc\\Desktop\\Ash\\AWS\\Producer_LambdaTask\\src\\utils\\logger.ts": {"path":"C:\\Users\\sashree\\OneDrive - Computer Enterprises Inc\\Desktop\\Ash\\AWS\\Producer_LambdaTask\\src\\utils\\logger.ts","statementMap":{"0":{"start":{"line":1,"column":0},"end":{"line":1,"column":59}},"1":{"start":{"line":3,"column":15},"end":{"line":14,"column":2}},"2":{"start":{"line":8,"column":6},"end":{"line":8,"column":121}},"3":{"start":{"line":16,"column":0},"end":{"line":16,"column":22}}},"fnMap":{"0":{"name":"(anonymous_0)","decl":{"start":{"line":7,"column":18},"end":{"line":7,"column":19}},"loc":{"start":{"line":7,"column":61},"end":{"line":9,"column":5}}}},"branchMap":{"0":{"loc":{"start":{"line":8,"column":66},"end":{"line":8,"column":118}},"type":"cond-expr","locations":[{"start":{"line":8,"column":93},"end":{"line":8,"column":113}},{"start":{"line":8,"column":116},"end":{"line":8,"column":118}}]}},"s":{"0":1,"1":1,"2":7,"3":1},"f":{"0":7},"b":{"0":[7,0]}}
,"C:\\Users\\sashree\\OneDrive - Computer Enterprises Inc\\Desktop\\Ash\\AWS\\Producer_LambdaTask\\src\\utils\\validate.ts": {"path":"C:\\Users\\sashree\\OneDrive - Computer Enterprises Inc\\Desktop\\Ash\\AWS\\Producer_LambdaTask\\src\\utils\\validate.ts","statementMap":{"0":{"start":{"line":4,"column":0},"end":{"line":4,"column":16}},"1":{"start":{"line":2,"column":0},"end":{"line":2,"column":71}},"2":{"start":{"line":5,"column":17},"end":{"line":5,"column":53}},"3":{"start":{"line":7,"column":2},"end":{"line":14,"column":3}},"4":{"start":{"line":8,"column":25},"end":{"line":8,"column":46}},"5":{"start":{"line":9,"column":21},"end":{"line":9,"column":48}},"6":{"start":{"line":11,"column":18},"end":{"line":11,"column":71}},"7":{"start":{"line":12,"column":5},"end":{"line":12,"column":36}},"8":{"start":{"line":13,"column":4},"end":{"line":13,"column":16}},"9":{"start":{"line":16,"column":15},"end":{"line":16,"column":26}},"10":{"start":{"line":19,"column":2},"end":{"line":33,"column":3}},"11":{"start":{"line":20,"column":31},"end":{"line":20,"column":68}},"12":{"start":{"line":21,"column":20},"end":{"line":21,"column":50}},"13":{"start":{"line":24,"column":6},"end":{"line":26,"column":31}},"14":{"start":{"line":28,"column":4},"end":{"line":32,"column":5}},"15":{"start":{"line":29,"column":20},"end":{"line":29,"column":89}},"16":{"start":{"line":30,"column":7},"end":{"line":30,"column":38}},"17":{"start":{"line":31,"column":6},"end":{"line":31,"column":18}},"18":{"start":{"line":35,"column":2},"end":{"line":35,"column":14}},"19":{"start":{"line":40,"column":29},"end":{"line":40,"column":31}},"20":{"start":{"line":42,"column":2},"end":{"line":48,"column":3}},"21":{"start":{"line":43,"column":4},"end":{"line":47,"column":5}},"22":{"start":{"line":44,"column":6},"end":{"line":44,"column":38}},"23":{"start":{"line":45,"column":11},"end":{"line":47,"column":5}},"24":{"start":{"line":46,"column":6},"end":{"line":46,"column":53}},"25":{"start":{"line":50,"column":2},"end":{"line":50,"column":18}}},"fnMap":{"0":{"name":"validateOrderPayload","decl":{"start":{"line":4,"column":16},"end":{"line":4,"column":36}},"loc":{"start":{"line":4,"column":49},"end":{"line":36,"column":1}}},"1":{"name":"extractErrors","decl":{"start":{"line":39,"column":9},"end":{"line":39,"column":22}},"loc":{"start":{"line":39,"column":36},"end":{"line":51,"column":1}}}},"branchMap":{"0":{"loc":{"start":{"line":7,"column":2},"end":{"line":14,"column":3}},"type":"if","locations":[{"start":{"line":7,"column":2},"end":{"line":14,"column":3}},{"start":{},"end":{}}]},"1":{"loc":{"start":{"line":19,"column":2},"end":{"line":33,"column":3}},"type":"if","locations":[{"start":{"line":19,"column":2},"end":{"line":33,"column":3}},{"start":{},"end":{}}]},"2":{"loc":{"start":{"line":24,"column":6},"end":{"line":26,"column":31}},"type":"binary-expr","locations":[{"start":{"line":24,"column":6},"end":{"line":24,"column":36}},{"start":{"line":25,"column":6},"end":{"line":25,"column":38}},{"start":{"line":26,"column":6},"end":{"line":26,"column":31}}]},"3":{"loc":{"start":{"line":28,"column":4},"end":{"line":32,"column":5}},"type":"if","locations":[{"start":{"line":28,"column":4},"end":{"line":32,"column":5}},{"start":{},"end":{}}]},"4":{"loc":{"start":{"line":43,"column":4},"end":{"line":47,"column":5}},"type":"if","locations":[{"start":{"line":43,"column":4},"end":{"line":47,"column":5}},{"start":{"line":45,"column":11},"end":{"line":47,"column":5}}]},"5":{"loc":{"start":{"line":43,"column":8},"end":{"line":43,"column":57}},"type":"binary-expr","locations":[{"start":{"line":43,"column":8},"end":{"line":43,"column":25}},{"start":{"line":43,"column":29},"end":{"line":43,"column":57}}]},"6":{"loc":{"start":{"line":45,"column":11},"end":{"line":47,"column":5}},"type":"if","locations":[{"start":{"line":45,"column":11},"end":{"line":47,"column":5}},{"start":{},"end":{}}]},"7":{"loc":{"start":{"line":45,"column":15},"end":{"line":45,"column":74}},"type":"binary-expr","locations":[{"start":{"line":45,"column":15},"end":{"line":45,"column":48}},{"start":{"line":45,"column":52},"end":{"line":45,"column":74}}]}},"s":{"0":2,"1":2,"2":4,"3":4,"4":2,"5":2,"6":2,"7":2,"8":2,"9":2,"10":2,"11":2,"12":2,"13":2,"14":2,"15":0,"16":0,"17":0,"18":2,"19":4,"20":4,"21":6,"22":4,"23":2,"24":2,"25":4},"f":{"0":4,"1":4},"b":{"0":[2,2],"1":[2,0],"2":[2,2,2],"3":[0,2],"4":[4,2],"5":[6,4],"6":[2,0],"7":[2,2]}}
,"C:\\Users\\sashree\\OneDrive - Computer Enterprises Inc\\Desktop\\Ash\\AWS\\Producer_LambdaTask\\src\\validator\\sourceOrder.validator.ts": {"path":"C:\\Users\\sashree\\OneDrive - Computer Enterprises Inc\\Desktop\\Ash\\AWS\\Producer_LambdaTask\\src\\validator\\sourceOrder.validator.ts","statementMap":{"0":{"start":{"line":3,"column":0},"end":{"line":3,"column":24}},"1":{"start":{"line":5,"column":13},"end":{"line":82,"column":3}}},"fnMap":{},"branchMap":{},"s":{"0":2,"1":2},"f":{},"b":{}}
}
