TN:
SF:src\controllers\orderController.ts
FN:9,handleOrder
FNF:1
FNH:1
FNDA:3,handleOrder
DA:4,1
DA:5,1
DA:6,1
DA:7,1
DA:9,1
DA:10,3
DA:11,3
DA:16,3
DA:17,2
DA:20,2
DA:23,2
DA:25,1
DA:30,2
DA:33,2
LF:14
LH:14
BRF:0
BRH:0
end_of_record
TN:
SF:src\services\webhookServices.ts
FN:9,getWebhookUrl
FN:30,sendToWebhook
FNF:2
FNH:2
FNDA:3,getWebhookUrl
FNDA:3,sendToWebhook
DA:3,1
DA:4,1
DA:7,1
DA:10,3
DA:11,0
DA:12,0
DA:13,0
DA:16,3
DA:17,3
DA:19,2
DA:24,2
DA:25,2
DA:27,2
DA:30,1
DA:31,3
DA:33,2
DA:34,2
DA:37,1
DA:39,1
LF:19
LH:16
BRDA:10,0,0,0
BRDA:10,0,1,3
BRDA:12,1,0,0
BRDA:12,1,1,0
BRDA:17,2,0,1
BRDA:17,2,1,2
BRDA:25,3,0,0
BRDA:25,3,1,2
BRDA:39,4,0,1
BRDA:39,4,1,0
BRF:10
BRH:5
end_of_record
TN:
SF:src\transform\transformSourceToTarget.ts
FN:5,transformSourceToTarget
FN:35,(anonymous_1)
FNF:2
FNH:2
FNDA:2,transformSourceToTarget
FNDA:2,(anonymous_1)
DA:3,2
DA:5,2
DA:7,2
DA:8,2
DA:10,2
DA:35,2
LF:6
LH:6
BRDA:27,0,0,2
BRDA:27,0,1,2
BRDA:28,1,0,2
BRDA:28,1,1,2
BRDA:29,2,0,2
BRDA:29,2,1,2
BRDA:30,3,0,2
BRDA:30,3,1,2
BRDA:31,4,0,2
BRDA:31,4,1,2
BRDA:40,5,0,2
BRDA:40,5,1,0
BRDA:41,6,0,2
BRDA:41,6,1,0
BRDA:46,7,0,2
BRDA:46,7,1,0
BRF:16
BRH:13
end_of_record
TN:
SF:src\utils\logger.ts
FN:7,(anonymous_0)
FNF:1
FNH:1
FNDA:7,(anonymous_0)
DA:1,1
DA:3,1
DA:8,7
DA:16,1
LF:4
LH:4
BRDA:8,0,0,7
BRDA:8,0,1,0
BRF:2
BRH:1
end_of_record
TN:
SF:src\utils\validate.ts
FN:4,validateOrderPayload
FN:39,extractErrors
FNF:2
FNH:2
FNDA:4,validateOrderPayload
FNDA:4,extractErrors
DA:2,2
DA:4,2
DA:5,4
DA:7,4
DA:8,2
DA:9,2
DA:11,2
DA:12,2
DA:13,2
DA:16,2
DA:19,2
DA:20,2
DA:21,2
DA:24,2
DA:28,2
DA:29,0
DA:30,0
DA:31,0
DA:35,2
DA:40,4
DA:42,4
DA:43,6
DA:44,4
DA:45,2
DA:46,2
DA:50,4
LF:26
LH:23
BRDA:7,0,0,2
BRDA:7,0,1,2
BRDA:19,1,0,2
BRDA:19,1,1,0
BRDA:24,2,0,2
BRDA:24,2,1,2
BRDA:24,2,2,2
BRDA:28,3,0,0
BRDA:28,3,1,2
BRDA:43,4,0,4
BRDA:43,4,1,2
BRDA:43,5,0,6
BRDA:43,5,1,4
BRDA:45,6,0,2
BRDA:45,6,1,0
BRDA:45,7,0,2
BRDA:45,7,1,2
BRF:17
BRH:14
end_of_record
TN:
SF:src\validator\sourceOrder.validator.ts
FNF:0
FNH:0
DA:3,2
DA:5,2
LF:2
LH:2
BRF:0
BRH:0
end_of_record
